0 verbose cli C:\Program Files\nodejs\node.exe C:\Users\Pham Tuan Phu\AppData\Roaming\npm\node_modules\npm\bin\npm-cli.js
1 info using npm@9.6.4
2 info using node@v18.15.0
3 timing npm:load:whichnode Completed in 1ms
4 timing config:load:defaults Completed in 2ms
5 timing config:load:file:C:\Users\Pham Tuan Phu\AppData\Roaming\npm\node_modules\npm\npmrc Completed in 2ms
6 timing config:load:builtin Completed in 2ms
7 timing config:load:cli Completed in 3ms
8 timing config:load:env Completed in 1ms
9 timing config:load:file:C:\Users\Pham Tuan Phu\Desktop\course-center\.npmrc Completed in 1ms
10 timing config:load:project Completed in 2ms
11 timing config:load:file:C:\Users\Pham Tuan Phu\.npmrc Completed in 0ms
12 timing config:load:user Completed in 0ms
13 timing config:load:file:C:\Users\Pham Tuan Phu\AppData\Roaming\npm\etc\npmrc Completed in 1ms
14 timing config:load:global Completed in 1ms
15 timing config:load:setEnvs Completed in 2ms
16 timing config:load Completed in 13ms
17 timing npm:load:configload Completed in 14ms
18 timing npm:load:mkdirpcache Completed in 1ms
19 timing npm:load:mkdirplogs Completed in 1ms
20 verbose title npm install tailwindcss postcss autoprefixer
21 verbose argv "install" "--save-dev" "tailwindcss" "postcss" "autoprefixer"
22 timing npm:load:setTitle Completed in 2ms
23 timing config:load:flatten Completed in 4ms
24 timing npm:load:display Completed in 5ms
25 verbose logfile logs-max:10 dir:C:\Users\Pham Tuan Phu\Desktop\course-center\tmpnodejsnpm-cache\_logs\2023-04-21T21_40_12_752Z-
26 verbose logfile C:\Users\Pham Tuan Phu\Desktop\course-center\tmpnodejsnpm-cache\_logs\2023-04-21T21_40_12_752Z-debug-0.log
27 timing npm:load:logFile Completed in 10ms
28 timing npm:load:timers Completed in 1ms
29 timing npm:load:configScope Completed in 0ms
30 timing npm:load Completed in 35ms
31 timing arborist:ctor Completed in 1ms
32 silly logfile done cleaning log files
33 timing idealTree:init Completed in 269ms
34 timing idealTree:userRequests Completed in 3ms
35 silly idealTree buildDeps
36 silly fetch manifest tailwindcss@*
37 timing arborist:ctor Completed in 1ms
38 http fetch GET 200 https://registry.npmjs.org/npm 1252ms (cache miss)
39 http fetch GET 200 https://registry.npmjs.org/tailwindcss 885ms (cache miss)
40 silly fetch manifest postcss@*
41 http fetch GET 200 https://registry.npmjs.org/postcss 84ms (cache miss)
42 silly fetch manifest autoprefixer@*
43 http fetch GET 200 https://registry.npmjs.org/autoprefixer 943ms (cache miss)
44 silly placeDep ROOT autoprefixer@10.4.14 OK for: course-center@0.1.0 want: *
45 silly placeDep ROOT postcss@8.4.23 REPLACE for: course-center@0.1.0 want: *
46 silly placeDep ROOT tailwindcss@3.3.1 OK for: course-center@0.1.0 want: *
47 silly fetch manifest browserslist@^4.21.5
48 silly fetch manifest fraction.js@^4.2.0
49 silly fetch manifest normalize-range@^0.1.2
50 silly fetch manifest postcss-value-parser@^4.2.0
51 silly fetch manifest arg@^5.0.2
52 silly fetch manifest chokidar@^3.5.3
53 silly fetch manifest didyoumean@^1.2.2
54 silly fetch manifest dlv@^1.1.3
55 silly fetch manifest jiti@^1.17.2
56 silly fetch manifest lilconfig@^2.0.6
57 silly fetch manifest normalize-path@^3.0.0
58 silly fetch manifest object-hash@^3.0.0
59 silly fetch manifest postcss-import@^14.1.0
60 silly fetch manifest postcss-js@^4.0.0
61 silly fetch manifest postcss-load-config@^3.1.4
62 silly fetch manifest postcss-nested@6.0.0
63 silly fetch manifest postcss-selector-parser@^6.0.11
64 silly fetch manifest quick-lru@^5.1.1
65 silly fetch manifest sucrase@^3.29.0
66 http fetch GET 200 https://registry.npmjs.org/fraction.js 118ms (cache miss)
67 http fetch GET 200 https://registry.npmjs.org/browserslist 125ms (cache miss)
68 http fetch GET 200 https://registry.npmjs.org/postcss-nested 159ms (cache miss)
69 http fetch GET 200 https://registry.npmjs.org/postcss-selector-parser 178ms (cache miss)
70 http fetch GET 200 https://registry.npmjs.org/normalize-range 274ms (cache miss)
71 http fetch GET 200 https://registry.npmjs.org/quick-lru 268ms (cache miss)
72 http fetch GET 200 https://registry.npmjs.org/arg 304ms (cache miss)
73 http fetch GET 200 https://registry.npmjs.org/sucrase 297ms (cache miss)
74 http fetch GET 200 https://registry.npmjs.org/lilconfig 311ms (cache miss)
75 http fetch GET 200 https://registry.npmjs.org/postcss-js 310ms (cache miss)
76 http fetch GET 200 https://registry.npmjs.org/postcss-value-parser 319ms (cache miss)
77 http fetch GET 200 https://registry.npmjs.org/postcss-load-config 314ms (cache miss)
78 http fetch GET 200 https://registry.npmjs.org/object-hash 322ms (cache miss)
79 http fetch GET 200 https://registry.npmjs.org/chokidar 356ms (cache miss)
80 http fetch GET 200 https://registry.npmjs.org/jiti 373ms (cache miss)
81 http fetch GET 200 https://registry.npmjs.org/dlv 402ms (cache miss)
82 http fetch GET 200 https://registry.npmjs.org/normalize-path 446ms (cache miss)
83 http fetch GET 200 https://registry.npmjs.org/postcss-import 475ms (cache miss)
84 http fetch GET 200 https://registry.npmjs.org/didyoumean 1044ms (cache miss)
85 timing idealTree:#root Completed in 3030ms
86 silly placeDep ROOT browserslist@4.21.5 OK for: autoprefixer@10.4.14 want: ^4.21.5
87 silly placeDep ROOT fraction.js@4.2.0 OK for: autoprefixer@10.4.14 want: ^4.2.0
88 silly placeDep ROOT normalize-range@0.1.2 OK for: autoprefixer@10.4.14 want: ^0.1.2
89 silly placeDep ROOT postcss-value-parser@4.2.0 OK for: autoprefixer@10.4.14 want: ^4.2.0
90 silly fetch manifest electron-to-chromium@^1.4.284
91 silly fetch manifest node-releases@^2.0.8
92 silly fetch manifest update-browserslist-db@^1.0.10
93 http fetch GET 200 https://registry.npmjs.org/update-browserslist-db 67ms (cache miss)
94 http fetch GET 200 https://registry.npmjs.org/electron-to-chromium 289ms (cache miss)
95 http fetch GET 200 https://registry.npmjs.org/node-releases 920ms (cache miss)
96 timing idealTree:node_modules/autoprefixer Completed in 933ms
97 silly fetch manifest browserslist@>= 4.21.0
98 silly placeDep ROOT electron-to-chromium@1.4.369 OK for: browserslist@4.21.5 want: ^1.4.284
99 silly placeDep ROOT node-releases@2.0.10 OK for: browserslist@4.21.5 want: ^2.0.8
100 silly placeDep ROOT update-browserslist-db@1.0.11 OK for: browserslist@4.21.5 want: ^1.0.10
101 silly fetch manifest escalade@^3.1.1
102 http fetch GET 200 https://registry.npmjs.org/escalade 79ms (cache miss)
103 timing idealTree:node_modules/browserslist Completed in 96ms
104 timing idealTree:node_modules/electron-to-chromium Completed in 0ms
105 timing idealTree:node_modules/fraction.js Completed in 0ms
106 silly fetch manifest postcss@8.4.14
107 silly placeDep node_modules/next postcss@8.4.14 OK for: next@13.3.0 want: 8.4.14
108 timing idealTree:node_modules/next Completed in 6ms
109 timing idealTree:node_modules/node-releases Completed in 0ms
110 timing idealTree:node_modules/normalize-range Completed in 0ms
111 timing idealTree:node_modules/postcss Completed in 0ms
112 timing idealTree:node_modules/postcss-value-parser Completed in 0ms
113 silly fetch manifest postcss@^8.0.9
114 silly fetch manifest ts-node@>=9.0.0
115 http fetch GET 200 https://registry.npmjs.org/ts-node 83ms (cache miss)
116 silly fetch manifest @swc/core@>=1.2.50
117 http fetch GET 200 https://registry.npmjs.org/@swc%2fcore 1444ms (cache miss)
118 silly fetch manifest @swc/helpers@^0.5.0
119 http fetch GET 200 https://registry.npmjs.org/@swc%2fhelpers 2032ms (cache miss)
120 silly fetch manifest @swc/wasm@>=1.2.50
121 http fetch GET 200 https://registry.npmjs.org/@swc%2fwasm 1988ms (cache miss)
122 silly fetch manifest @types/node@*
123 http fetch GET 200 https://registry.npmjs.org/@types%2fnode 159ms (cache miss)
124 silly fetch manifest typescript@>=2.7
125 http fetch GET 200 https://registry.npmjs.org/typescript 381ms (cache miss)
126 silly placeDep ROOT arg@5.0.2 OK for: tailwindcss@3.3.1 want: ^5.0.2
127 silly placeDep ROOT chokidar@3.5.3 OK for: tailwindcss@3.3.1 want: ^3.5.3
128 silly placeDep ROOT didyoumean@1.2.2 OK for: tailwindcss@3.3.1 want: ^1.2.2
129 silly placeDep ROOT dlv@1.1.3 OK for: tailwindcss@3.3.1 want: ^1.1.3
130 silly placeDep ROOT jiti@1.18.2 OK for: tailwindcss@3.3.1 want: ^1.17.2
131 silly placeDep ROOT lilconfig@2.1.0 OK for: tailwindcss@3.3.1 want: ^2.0.6
132 silly placeDep ROOT normalize-path@3.0.0 OK for: tailwindcss@3.3.1 want: ^3.0.0
133 silly placeDep ROOT object-hash@3.0.0 OK for: tailwindcss@3.3.1 want: ^3.0.0
134 silly placeDep ROOT postcss-import@14.1.0 OK for: tailwindcss@3.3.1 want: ^14.1.0
135 silly placeDep ROOT postcss-js@4.0.1 OK for: tailwindcss@3.3.1 want: ^4.0.0
136 silly placeDep node_modules/tailwindcss postcss-load-config@3.1.4 OK for: tailwindcss@3.3.1 want: ^3.1.4
137 silly placeDep ROOT postcss-nested@6.0.0 OK for: tailwindcss@3.3.1 want: 6.0.0
138 silly placeDep ROOT postcss-selector-parser@6.0.11 OK for: tailwindcss@3.3.1 want: ^6.0.11
139 silly placeDep ROOT quick-lru@5.1.1 OK for: tailwindcss@3.3.1 want: ^5.1.1
140 silly placeDep ROOT sucrase@3.32.0 OK for: tailwindcss@3.3.1 want: ^3.29.0
141 silly fetch manifest anymatch@~3.1.2
142 silly fetch manifest glob-parent@~5.1.2
143 silly fetch manifest is-binary-path@~2.1.0
144 silly fetch manifest readdirp@~3.6.0
145 silly fetch manifest fsevents@~2.3.2
146 silly fetch manifest read-cache@^1.0.0
147 silly fetch manifest camelcase-css@^2.0.1
148 silly fetch manifest yaml@^1.10.2
149 silly fetch manifest cssesc@^3.0.0
150 silly fetch manifest util-deprecate@^1.0.2
151 silly fetch manifest @jridgewell/gen-mapping@^0.3.2
152 silly fetch manifest commander@^4.0.0
153 silly fetch manifest glob@7.1.6
154 silly fetch manifest lines-and-columns@^1.1.6
155 silly fetch manifest mz@^2.7.0
156 silly fetch manifest pirates@^4.0.1
157 silly fetch manifest ts-interface-checker@^0.1.9
158 http fetch GET 200 https://registry.npmjs.org/anymatch 119ms (cache miss)
159 http fetch GET 200 https://registry.npmjs.org/glob-parent 119ms (cache miss)
160 http fetch GET 200 https://registry.npmjs.org/util-deprecate 126ms (cache miss)
161 http fetch GET 200 https://registry.npmjs.org/is-binary-path 142ms (cache miss)
162 http fetch GET 200 https://registry.npmjs.org/camelcase-css 136ms (cache miss)
163 http fetch GET 200 https://registry.npmjs.org/cssesc 138ms (cache miss)
164 http fetch GET 200 https://registry.npmjs.org/commander 140ms (cache miss)
165 http fetch GET 200 https://registry.npmjs.org/mz 148ms (cache miss)
166 http fetch GET 200 https://registry.npmjs.org/fsevents 159ms (cache miss)
167 http fetch GET 200 https://registry.npmjs.org/pirates 153ms (cache miss)
168 http fetch GET 200 https://registry.npmjs.org/readdirp 173ms (cache miss)
169 http fetch GET 200 https://registry.npmjs.org/@jridgewell%2fgen-mapping 165ms (cache miss)
170 http fetch GET 200 https://registry.npmjs.org/lines-and-columns 164ms (cache miss)
171 http fetch GET 200 https://registry.npmjs.org/glob 168ms (cache miss)
172 http fetch GET 200 https://registry.npmjs.org/read-cache 929ms (cache miss)
173 http fetch GET 200 https://registry.npmjs.org/yaml 941ms (cache miss)
174 http fetch GET 200 https://registry.npmjs.org/ts-interface-checker 991ms (cache miss)
175 timing idealTree:node_modules/tailwindcss Completed in 7226ms
176 timing idealTree:node_modules/arg Completed in 1ms
177 silly placeDep ROOT anymatch@3.1.3 OK for: chokidar@3.5.3 want: ~3.1.2
178 silly placeDep ROOT fsevents@2.3.2 OK for: chokidar@3.5.3 want: ~2.3.2
179 silly placeDep node_modules/chokidar glob-parent@5.1.2 OK for: chokidar@3.5.3 want: ~5.1.2
180 silly placeDep ROOT is-binary-path@2.1.0 OK for: chokidar@3.5.3 want: ~2.1.0
181 silly placeDep ROOT readdirp@3.6.0 OK for: chokidar@3.5.3 want: ~3.6.0
182 silly fetch manifest binary-extensions@^2.0.0
183 http fetch GET 200 https://registry.npmjs.org/binary-extensions 74ms (cache miss)
184 timing idealTree:node_modules/chokidar Completed in 84ms
185 timing idealTree:node_modules/anymatch Completed in 0ms
186 timing idealTree:node_modules/didyoumean Completed in 0ms
187 timing idealTree:node_modules/dlv Completed in 0ms
188 timing idealTree:node_modules/fsevents Completed in 0ms
189 silly placeDep ROOT binary-extensions@2.2.0 OK for: is-binary-path@2.1.0 want: ^2.0.0
190 timing idealTree:node_modules/is-binary-path Completed in 2ms
191 timing idealTree:node_modules/binary-extensions Completed in 0ms
192 timing idealTree:node_modules/jiti Completed in 0ms
193 timing idealTree:node_modules/lilconfig Completed in 0ms
194 timing idealTree:node_modules/normalize-path Completed in 0ms
195 timing idealTree:node_modules/object-hash Completed in 0ms
196 silly placeDep ROOT read-cache@1.0.0 OK for: postcss-import@14.1.0 want: ^1.0.0
197 silly fetch manifest pify@^2.3.0
198 http fetch GET 200 https://registry.npmjs.org/pify 59ms (cache miss)
199 timing idealTree:node_modules/postcss-import Completed in 62ms
200 silly placeDep ROOT camelcase-css@2.0.1 OK for: postcss-js@4.0.1 want: ^2.0.1
201 timing idealTree:node_modules/postcss-js Completed in 1ms
202 timing idealTree:node_modules/camelcase-css Completed in 0ms
203 timing idealTree:node_modules/postcss-nested Completed in 0ms
204 silly placeDep ROOT cssesc@3.0.0 OK for: postcss-selector-parser@6.0.11 want: ^3.0.0
205 silly placeDep ROOT util-deprecate@1.0.2 OK for: postcss-selector-parser@6.0.11 want: ^1.0.2
206 timing idealTree:node_modules/postcss-selector-parser Completed in 2ms
207 timing idealTree:node_modules/cssesc Completed in 0ms
208 timing idealTree:node_modules/quick-lru Completed in 0ms
209 silly placeDep ROOT pify@2.3.0 OK for: read-cache@1.0.0 want: ^2.3.0
210 timing idealTree:node_modules/read-cache Completed in 2ms
211 timing idealTree:node_modules/pify Completed in 0ms
212 timing idealTree:node_modules/readdirp Completed in 0ms
213 silly placeDep ROOT @jridgewell/gen-mapping@0.3.3 OK for: sucrase@3.32.0 want: ^0.3.2
214 silly placeDep ROOT commander@4.1.1 OK for: sucrase@3.32.0 want: ^4.0.0
215 silly placeDep node_modules/sucrase glob@7.1.6 OK for: sucrase@3.32.0 want: 7.1.6
216 silly placeDep ROOT lines-and-columns@1.2.4 OK for: sucrase@3.32.0 want: ^1.1.6
217 silly placeDep ROOT mz@2.7.0 OK for: sucrase@3.32.0 want: ^2.7.0
218 silly placeDep ROOT pirates@4.0.5 OK for: sucrase@3.32.0 want: ^4.0.1
219 silly placeDep ROOT ts-interface-checker@0.1.13 OK for: sucrase@3.32.0 want: ^0.1.9
220 silly fetch manifest @jridgewell/set-array@^1.0.1
221 silly fetch manifest @jridgewell/sourcemap-codec@^1.4.10
222 silly fetch manifest @jridgewell/trace-mapping@^0.3.9
223 silly fetch manifest any-promise@^1.0.0
224 silly fetch manifest thenify-all@^1.0.0
225 http fetch GET 200 https://registry.npmjs.org/thenify-all 64ms (cache miss)
226 http fetch GET 200 https://registry.npmjs.org/@jridgewell%2fset-array 93ms (cache miss)
227 http fetch GET 200 https://registry.npmjs.org/@jridgewell%2ftrace-mapping 103ms (cache miss)
228 http fetch GET 200 https://registry.npmjs.org/@jridgewell%2fsourcemap-codec 105ms (cache miss)
229 http fetch GET 200 https://registry.npmjs.org/any-promise 932ms (cache miss)
230 timing idealTree:node_modules/sucrase Completed in 942ms
231 silly placeDep ROOT @jridgewell/set-array@1.1.2 OK for: @jridgewell/gen-mapping@0.3.3 want: ^1.0.1
232 silly placeDep ROOT @jridgewell/sourcemap-codec@1.4.15 OK for: @jridgewell/gen-mapping@0.3.3 want: ^1.4.10
233 silly placeDep ROOT @jridgewell/trace-mapping@0.3.18 OK for: @jridgewell/gen-mapping@0.3.3 want: ^0.3.9
234 silly fetch manifest @jridgewell/resolve-uri@3.1.0
235 silly fetch manifest @jridgewell/sourcemap-codec@1.4.14
236 http fetch GET 200 https://registry.npmjs.org/@jridgewell%2fresolve-uri 1164ms (cache miss)
237 timing idealTree:node_modules/@jridgewell/gen-mapping Completed in 1175ms
238 timing idealTree:node_modules/@jridgewell/set-array Completed in 0ms
239 timing idealTree:node_modules/@jridgewell/sourcemap-codec Completed in 0ms
240 silly placeDep ROOT @jridgewell/resolve-uri@3.1.0 OK for: @jridgewell/trace-mapping@0.3.18 want: 3.1.0
241 silly placeDep node_modules/@jridgewell/trace-mapping @jridgewell/sourcemap-codec@1.4.14 OK for: @jridgewell/trace-mapping@0.3.18 want: 1.4.14
242 timing idealTree:node_modules/@jridgewell/trace-mapping Completed in 8ms
243 timing idealTree:node_modules/@jridgewell/resolve-uri Completed in 0ms
244 timing idealTree:node_modules/commander Completed in 0ms
245 timing idealTree:node_modules/lines-and-columns Completed in 0ms
246 silly placeDep ROOT any-promise@1.3.0 OK for: mz@2.7.0 want: ^1.0.0
247 silly placeDep ROOT thenify-all@1.6.0 OK for: mz@2.7.0 want: ^1.0.0
248 silly fetch manifest thenify@>= 3.1.0 < 4
249 http fetch GET 200 https://registry.npmjs.org/thenify 940ms (cache miss)
250 timing idealTree:node_modules/mz Completed in 950ms
251 timing idealTree:node_modules/any-promise Completed in 0ms
252 timing idealTree:node_modules/pirates Completed in 0ms
253 silly placeDep ROOT thenify@3.3.1 OK for: thenify-all@1.6.0 want: >= 3.1.0 < 4
254 timing idealTree:node_modules/thenify-all Completed in 5ms
255 timing idealTree:node_modules/thenify Completed in 0ms
256 timing idealTree:node_modules/ts-interface-checker Completed in 0ms
257 silly placeDep ROOT escalade@3.1.1 OK for: update-browserslist-db@1.0.11 want: ^3.1.1
258 timing idealTree:node_modules/update-browserslist-db Completed in 4ms
259 timing idealTree:node_modules/escalade Completed in 0ms
260 timing idealTree:node_modules/util-deprecate Completed in 0ms
261 timing idealTree:node_modules/@jridgewell/trace-mapping/node_modules/@jridgewell/sourcemap-codec Completed in 0ms
262 timing idealTree:node_modules/chokidar/node_modules/glob-parent Completed in 0ms
263 timing idealTree:node_modules/next/node_modules/postcss Completed in 0ms
264 timing idealTree:node_modules/sucrase/node_modules/glob Completed in 0ms
265 silly placeDep ROOT yaml@1.10.2 OK for: postcss-load-config@3.1.4 want: ^1.10.2
266 timing idealTree:node_modules/tailwindcss/node_modules/postcss-load-config Completed in 3ms
267 timing idealTree:node_modules/yaml Completed in 0ms
268 timing idealTree:buildDeps Completed in 14543ms
269 timing idealTree:fixDepFlags Completed in 5ms
270 timing idealTree Completed in 14833ms
271 timing reify:loadTrees Completed in 14835ms
272 timing reify:diffTrees Completed in 13ms
273 silly reify mark retired [
273 silly reify   'C:\\Users\\Pham Tuan Phu\\Desktop\\course-center\\node_modules\\postcss'
273 silly reify ]
274 silly reify moves {
274 silly reify   'C:\\Users\\Pham Tuan Phu\\Desktop\\course-center\\node_modules\\postcss': 'C:\\Users\\Pham Tuan Phu\\Desktop\\course-center\\node_modules\\.postcss-vFkrHMHt'
274 silly reify }
275 timing reify:retireShallow Completed in 6ms
276 timing reify:createSparse Completed in 11ms
277 timing reify:loadBundles Completed in 0ms
278 silly audit bulk request {
278 silly audit   '@babel/runtime': [ '7.21.0' ],
278 silly audit   '@eslint-community/eslint-utils': [ '4.4.0' ],
278 silly audit   '@eslint-community/regexpp': [ '4.5.0' ],
278 silly audit   '@eslint/eslintrc': [ '2.0.2' ],
278 silly audit   '@eslint/js': [ '8.39.0' ],
278 silly audit   '@humanwhocodes/config-array': [ '0.11.8' ],
278 silly audit   '@humanwhocodes/module-importer': [ '1.0.1' ],
278 silly audit   '@humanwhocodes/object-schema': [ '1.2.1' ],
278 silly audit   '@next/env': [ '13.3.0' ],
278 silly audit   '@next/eslint-plugin-next': [ '13.3.0' ],
278 silly audit   '@next/swc-darwin-arm64': [ '13.3.0' ],
278 silly audit   '@next/swc-darwin-x64': [ '13.3.0' ],
278 silly audit   '@next/swc-linux-arm64-gnu': [ '13.3.0' ],
278 silly audit   '@next/swc-linux-arm64-musl': [ '13.3.0' ],
278 silly audit   '@next/swc-linux-x64-gnu': [ '13.3.0' ],
278 silly audit   '@next/swc-linux-x64-musl': [ '13.3.0' ],
278 silly audit   '@next/swc-win32-arm64-msvc': [ '13.3.0' ],
278 silly audit   '@next/swc-win32-ia32-msvc': [ '13.3.0' ],
278 silly audit   '@next/swc-win32-x64-msvc': [ '13.3.0' ],
278 silly audit   '@nodelib/fs.scandir': [ '2.1.5' ],
278 silly audit   '@nodelib/fs.stat': [ '2.0.5' ],
278 silly audit   '@nodelib/fs.walk': [ '1.2.8' ],
278 silly audit   '@pkgr/utils': [ '2.3.1' ],
278 silly audit   '@rushstack/eslint-patch': [ '1.2.0' ],
278 silly audit   '@swc/helpers': [ '0.4.14' ],
278 silly audit   '@types/json5': [ '0.0.29' ],
278 silly audit   '@types/node': [ '18.15.13' ],
278 silly audit   '@types/prop-types': [ '15.7.5' ],
278 silly audit   '@types/react': [ '18.0.38' ],
278 silly audit   '@types/react-dom': [ '18.0.11' ],
278 silly audit   '@types/scheduler': [ '0.16.3' ],
278 silly audit   '@typescript-eslint/parser': [ '5.59.0' ],
278 silly audit   '@typescript-eslint/scope-manager': [ '5.59.0' ],
278 silly audit   '@typescript-eslint/types': [ '5.59.0' ],
278 silly audit   '@typescript-eslint/typescript-estree': [ '5.59.0' ],
278 silly audit   '@typescript-eslint/visitor-keys': [ '5.59.0' ],
278 silly audit   acorn: [ '8.8.2' ],
278 silly audit   'acorn-jsx': [ '5.3.2' ],
278 silly audit   ajv: [ '6.12.6' ],
278 silly audit   'ansi-regex': [ '5.0.1' ],
278 silly audit   'ansi-styles': [ '4.3.0' ],
278 silly audit   argparse: [ '2.0.1' ],
278 silly audit   'aria-query': [ '5.1.3' ],
278 silly audit   'array-buffer-byte-length': [ '1.0.0' ],
278 silly audit   'array-includes': [ '3.1.6' ],
278 silly audit   'array-union': [ '2.1.0' ],
278 silly audit   'array.prototype.flat': [ '1.3.1' ],
278 silly audit   'array.prototype.flatmap': [ '1.3.1' ],
278 silly audit   'array.prototype.tosorted': [ '1.1.1' ],
278 silly audit   'ast-types-flow': [ '0.0.7' ],
278 silly audit   'available-typed-arrays': [ '1.0.5' ],
278 silly audit   'axe-core': [ '4.7.0' ],
278 silly audit   'axobject-query': [ '3.1.1' ],
278 silly audit   'balanced-match': [ '1.0.2' ],
278 silly audit   'brace-expansion': [ '1.1.11' ],
278 silly audit   braces: [ '3.0.2' ],
278 silly audit   busboy: [ '1.6.0' ],
278 silly audit   'call-bind': [ '1.0.2' ],
278 silly audit   callsites: [ '3.1.0' ],
278 silly audit   'caniuse-lite': [ '1.0.30001481' ],
278 silly audit   chalk: [ '4.1.2' ],
278 silly audit   'client-only': [ '0.0.1' ],
278 silly audit   'color-convert': [ '2.0.1' ],
278 silly audit   'color-name': [ '1.1.4' ],
278 silly audit   'concat-map': [ '0.0.1' ],
278 silly audit   'cross-spawn': [ '7.0.3' ],
278 silly audit   csstype: [ '3.1.2' ],
278 silly audit   'damerau-levenshtein': [ '1.0.8' ],
278 silly audit   debug: [ '4.3.4', '3.2.7' ],
278 silly audit   'deep-equal': [ '2.2.0' ],
278 silly audit   'deep-is': [ '0.1.4' ],
278 silly audit   'define-lazy-prop': [ '2.0.0' ],
278 silly audit   'define-properties': [ '1.2.0' ],
278 silly audit   'dir-glob': [ '3.0.1' ],
278 silly audit   doctrine: [ '3.0.0', '2.1.0' ],
278 silly audit   'emoji-regex': [ '9.2.2' ],
278 silly audit   'enhanced-resolve': [ '5.13.0' ],
278 silly audit   'es-abstract': [ '1.21.2' ],
278 silly audit   'es-get-iterator': [ '1.1.3' ],
278 silly audit   'es-set-tostringtag': [ '2.0.1' ],
278 silly audit   'es-shim-unscopables': [ '1.0.0' ],
278 silly audit   'es-to-primitive': [ '1.2.1' ],
278 silly audit   'escape-string-regexp': [ '4.0.0' ],
278 silly audit   eslint: [ '8.39.0' ],
278 silly audit   'eslint-config-next': [ '13.3.0' ],
278 silly audit   'eslint-import-resolver-node': [ '0.3.7' ],
278 silly audit   'eslint-import-resolver-typescript': [ '3.5.5' ],
278 silly audit   globby: [ '13.1.4', '11.1.0' ],
278 silly audit   slash: [ '4.0.0', '3.0.0' ],
278 silly audit   'eslint-module-utils': [ '2.8.0' ],
278 silly audit   'eslint-plugin-import': [ '2.27.5' ],
278 silly audit   semver: [ '6.3.0', '7.5.0' ],
278 silly audit   'eslint-plugin-jsx-a11y': [ '6.7.1' ],
278 silly audit   'eslint-plugin-react': [ '7.32.2' ],
278 silly audit   'eslint-plugin-react-hooks': [ '4.6.0' ],
278 silly audit   resolve: [ '2.0.0-next.4', '1.22.2' ],
278 silly audit   'eslint-scope': [ '7.2.0' ],
278 silly audit   'eslint-visitor-keys': [ '3.4.0' ],
278 silly audit   espree: [ '9.5.1' ],
278 silly audit   esquery: [ '1.5.0' ],
278 silly audit   esrecurse: [ '4.3.0' ],
278 silly audit   estraverse: [ '5.3.0' ],
278 silly audit   esutils: [ '2.0.3' ],
278 silly audit   'fast-deep-equal': [ '3.1.3' ],
278 silly audit   'fast-glob': [ '3.2.12' ],
278 silly audit   'glob-parent': [ '5.1.2', '6.0.2' ],
278 silly audit   'fast-json-stable-stringify': [ '2.1.0' ],
278 silly audit   'fast-levenshtein': [ '2.0.6' ],
278 silly audit   fastq: [ '1.15.0' ],
278 silly audit   'file-entry-cache': [ '6.0.1' ],
278 silly audit   'fill-range': [ '7.0.1' ],
278 silly audit   'find-up': [ '5.0.0' ],
278 silly audit   'flat-cache': [ '3.0.4' ],
278 silly audit   flatted: [ '3.2.7' ],
278 silly audit   'for-each': [ '0.3.3' ],
278 silly audit   'fs.realpath': [ '1.0.0' ],
278 silly audit   'function-bind': [ '1.1.1' ],
278 silly audit   'function.prototype.name': [ '1.1.5' ],
278 silly audit   'functions-have-names': [ '1.2.3' ],
278 silly audit   'get-intrinsic': [ '1.2.0' ],
278 silly audit   'get-symbol-description': [ '1.0.0' ],
278 silly audit   'get-tsconfig': [ '4.5.0' ],
278 silly audit   glob: [ '7.1.7', '7.1.6' ],
278 silly audit   globals: [ '13.20.0' ],
278 silly audit   globalthis: [ '1.0.3' ],
278 silly audit   globalyzer: [ '0.1.0' ],
278 silly audit   globrex: [ '0.1.2' ],
278 silly audit   gopd: [ '1.0.1' ],
278 silly audit   'graceful-fs': [ '4.2.11' ],
278 silly audit   'grapheme-splitter': [ '1.0.4' ],
278 silly audit   has: [ '1.0.3' ],
278 silly audit   'has-bigints': [ '1.0.2' ],
278 silly audit   'has-flag': [ '4.0.0' ],
278 silly audit   'has-property-descriptors': [ '1.0.0' ],
278 silly audit   'has-proto': [ '1.0.1' ],
278 silly audit   'has-symbols': [ '1.0.3' ],
278 silly audit   'has-tostringtag': [ '1.0.0' ],
278 silly audit   ignore: [ '5.2.4' ],
278 silly audit   'import-fresh': [ '3.3.0' ],
278 silly audit   imurmurhash: [ '0.1.4' ],
278 silly audit   inflight: [ '1.0.6' ],
278 silly audit   inherits: [ '2.0.4' ],
278 silly audit   'internal-slot': [ '1.0.5' ],
278 silly audit   'is-arguments': [ '1.1.1' ],
278 silly audit   'is-array-buffer': [ '3.0.2' ],
278 silly audit   'is-bigint': [ '1.0.4' ],
278 silly audit   'is-boolean-object': [ '1.1.2' ],
278 silly audit   'is-callable': [ '1.2.7' ],
278 silly audit   'is-core-module': [ '2.12.0' ],
278 silly audit   'is-date-object': [ '1.0.5' ],
278 silly audit   'is-docker': [ '2.2.1' ],
278 silly audit   'is-extglob': [ '2.1.1' ],
278 silly audit   'is-glob': [ '4.0.3' ],
278 silly audit   'is-map': [ '2.0.2' ],
278 silly audit   'is-negative-zero': [ '2.0.2' ],
278 silly audit   'is-number': [ '7.0.0' ],
278 silly audit   'is-number-object': [ '1.0.7' ],
278 silly audit   'is-path-inside': [ '3.0.3' ],
278 silly audit   'is-regex': [ '1.1.4' ],
278 silly audit   'is-set': [ '2.0.2' ],
278 silly audit   'is-shared-array-buffer': [ '1.0.2' ],
278 silly audit   'is-string': [ '1.0.7' ],
278 silly audit   'is-symbol': [ '1.0.4' ],
278 silly audit   'is-typed-array': [ '1.1.10' ],
278 silly audit   'is-weakmap': [ '2.0.1' ],
278 silly audit   'is-weakref': [ '1.0.2' ],
278 silly audit   'is-weakset': [ '2.0.2' ],
278 silly audit   'is-wsl': [ '2.2.0' ],
278 silly audit   isarray: [ '2.0.5' ],
278 silly audit   isexe: [ '2.0.0' ],
278 silly audit   'js-sdsl': [ '4.4.0' ],
278 silly audit   'js-tokens': [ '4.0.0' ],
278 silly audit   'js-yaml': [ '4.1.0' ],
278 silly audit   'json-schema-traverse': [ '0.4.1' ],
278 silly audit   'json-stable-stringify-without-jsonify': [ '1.0.1' ],
278 silly audit   json5: [ '1.0.2' ],
278 silly audit   'jsx-ast-utils': [ '3.3.3' ],
278 silly audit   'language-subtag-registry': [ '0.3.22' ],
278 silly audit   'language-tags': [ '1.0.5' ],
278 silly audit   levn: [ '0.4.1' ],
278 silly audit   'locate-path': [ '6.0.0' ],
278 silly audit   'lodash.merge': [ '4.6.2' ],
278 silly audit   'loose-envify': [ '1.4.0' ],
278 silly audit   'lru-cache': [ '6.0.0' ],
278 silly audit   merge2: [ '1.4.1' ],
278 silly audit   micromatch: [ '4.0.5' ],
278 silly audit   minimatch: [ '3.1.2' ],
278 silly audit   minimist: [ '1.2.8' ],
278 silly audit   ms: [ '2.1.2' ],
278 silly audit   nanoid: [ '3.3.6' ],
278 silly audit   'natural-compare': [ '1.4.0' ],
278 silly audit   next: [ '13.3.0' ],
278 silly audit   'object-assign': [ '4.1.1' ],
278 silly audit   'object-inspect': [ '1.12.3' ],
278 silly audit   'object-is': [ '1.1.5' ],
278 silly audit   'object-keys': [ '1.1.1' ],
278 silly audit   'object.assign': [ '4.1.4' ],
278 silly audit   'object.entries': [ '1.1.6' ],
278 silly audit   'object.fromentries': [ '2.0.6' ],
278 silly audit   'object.hasown': [ '1.1.2' ],
278 silly audit   'object.values': [ '1.1.6' ],
278 silly audit   once: [ '1.4.0' ],
278 silly audit   open: [ '8.4.2' ],
278 silly audit   optionator: [ '0.9.1' ],
278 silly audit   'p-limit': [ '3.1.0' ],
278 silly audit   'p-locate': [ '5.0.0' ],
278 silly audit   'parent-module': [ '1.0.1' ],
278 silly audit   'path-exists': [ '4.0.0' ],
278 silly audit   'path-is-absolute': [ '1.0.1' ],
278 silly audit   'path-key': [ '3.1.1' ],
278 silly audit   'path-parse': [ '1.0.7' ],
278 silly audit   'path-type': [ '4.0.0' ],
278 silly audit   picocolors: [ '1.0.0' ],
278 silly audit   picomatch: [ '2.3.1' ],
278 silly audit   'prelude-ls': [ '1.2.1' ],
278 silly audit   'prop-types': [ '15.8.1' ],
278 silly audit   punycode: [ '2.3.0' ],
278 silly audit   'queue-microtask': [ '1.2.3' ],
278 silly audit   react: [ '18.2.0' ],
278 silly audit   'react-dom': [ '18.2.0' ],
278 silly audit   'react-is': [ '16.13.1' ],
278 silly audit   'regenerator-runtime': [ '0.13.11' ],
278 silly audit   'regexp.prototype.flags': [ '1.5.0' ],
278 silly audit   'resolve-from': [ '4.0.0' ],
278 silly audit   reusify: [ '1.0.4' ],
278 silly audit   rimraf: [ '3.0.2' ],
278 silly audit   'run-parallel': [ '1.2.0' ],
278 silly audit   'safe-regex-test': [ '1.0.0' ],
278 silly audit   scheduler: [ '0.23.0' ],
278 silly audit   'shebang-command': [ '2.0.0' ],
278 silly audit   'shebang-regex': [ '3.0.0' ],
278 silly audit   'side-channel': [ '1.0.4' ],
278 silly audit   'source-map-js': [ '1.0.2' ],
278 silly audit   'stop-iteration-iterator': [ '1.0.0' ],
278 silly audit   streamsearch: [ '1.1.0' ],
278 silly audit   'string.prototype.matchall': [ '4.0.8' ],
278 silly audit   'string.prototype.trim': [ '1.2.7' ],
278 silly audit   'string.prototype.trimend': [ '1.0.6' ],
278 silly audit   'string.prototype.trimstart': [ '1.0.6' ],
278 silly audit   'strip-ansi': [ '6.0.1' ],
278 silly audit   'strip-bom': [ '3.0.0' ],
278 silly audit   'strip-json-comments': [ '3.1.1' ],
278 silly audit   'styled-jsx': [ '5.1.1' ],
278 silly audit   'supports-color': [ '7.2.0' ],
278 silly audit   'supports-preserve-symlinks-flag': [ '1.0.0' ],
278 silly audit   synckit: [ '0.8.5' ],
278 silly audit   tapable: [ '2.2.1' ],
278 silly audit   'text-table': [ '0.2.0' ],
278 silly audit   'tiny-glob': [ '0.2.9' ],
278 silly audit   'to-regex-range': [ '5.0.1' ],
278 silly audit   'tsconfig-paths': [ '3.14.2' ],
278 silly audit   tslib: [ '2.5.0', '1.14.1' ],
278 silly audit   tsutils: [ '3.21.0' ],
278 silly audit   'type-check': [ '0.4.0' ],
278 silly audit   'type-fest': [ '0.20.2' ],
278 silly audit   'typed-array-length': [ '1.0.4' ],
278 silly audit   typescript: [ '5.0.4' ],
278 silly audit   'unbox-primitive': [ '1.0.2' ],
278 silly audit   'uri-js': [ '4.4.1' ],
278 silly audit   which: [ '2.0.2' ],
278 silly audit   'which-boxed-primitive': [ '1.0.2' ],
278 silly audit   'which-collection': [ '1.0.1' ],
278 silly audit   'which-typed-array': [ '1.1.9' ],
278 silly audit   'word-wrap': [ '1.2.3' ],
278 silly audit   wrappy: [ '1.0.2' ],
278 silly audit   yallist: [ '4.0.0' ],
278 silly audit   'yocto-queue': [ '0.1.0' ],
278 silly audit   autoprefixer: [ '10.4.14' ],
278 silly audit   postcss: [ '8.4.23', '8.4.14' ],
278 silly audit   tailwindcss: [ '3.3.1' ],
278 silly audit   browserslist: [ '4.21.5' ],
278 silly audit   'fraction.js': [ '4.2.0' ],
278 silly audit   'normalize-range': [ '0.1.2' ],
278 silly audit   'postcss-value-parser': [ '4.2.0' ],
278 silly audit   'electron-to-chromium': [ '1.4.369' ],
278 silly audit   'node-releases': [ '2.0.10' ],
278 silly audit   'update-browserslist-db': [ '1.0.11' ],
278 silly audit   arg: [ '5.0.2' ],
278 silly audit   chokidar: [ '3.5.3' ],
278 silly audit   didyoumean: [ '1.2.2' ],
278 silly audit   dlv: [ '1.1.3' ],
278 silly audit   jiti: [ '1.18.2' ],
278 silly audit   lilconfig: [ '2.1.0' ],
278 silly audit   'normalize-path': [ '3.0.0' ],
278 silly audit   'object-hash': [ '3.0.0' ],
278 silly audit   'postcss-import': [ '14.1.0' ],
278 silly audit   'postcss-js': [ '4.0.1' ],
278 silly audit   'postcss-load-config': [ '3.1.4' ],
278 silly audit   'postcss-nested': [ '6.0.0' ],
278 silly audit   'postcss-selector-parser': [ '6.0.11' ],
278 silly audit   'quick-lru': [ '5.1.1' ],
278 silly audit   sucrase: [ '3.32.0' ],
278 silly audit   anymatch: [ '3.1.3' ],
278 silly audit   fsevents: [ '2.3.2' ],
278 silly audit   'is-binary-path': [ '2.1.0' ],
278 silly audit   readdirp: [ '3.6.0' ],
278 silly audit   'binary-extensions': [ '2.2.0' ],
278 silly audit   'read-cache': [ '1.0.0' ],
278 silly audit   'camelcase-css': [ '2.0.1' ],
278 silly audit   cssesc: [ '3.0.0' ],
278 silly audit   'util-deprecate': [ '1.0.2' ],
278 silly audit   pify: [ '2.3.0' ],
278 silly audit   '@jridgewell/gen-mapping': [ '0.3.3' ],
278 silly audit   commander: [ '4.1.1' ],
278 silly audit   'lines-and-columns': [ '1.2.4' ],
278 silly audit   mz: [ '2.7.0' ],
278 silly audit   pirates: [ '4.0.5' ],
278 silly audit   'ts-interface-checker': [ '0.1.13' ],
278 silly audit   '@jridgewell/set-array': [ '1.1.2' ],
278 silly audit   '@jridgewell/sourcemap-codec': [ '1.4.15', '1.4.14' ],
278 silly audit   '@jridgewell/trace-mapping': [ '0.3.18' ],
278 silly audit   '@jridgewell/resolve-uri': [ '3.1.0' ],
278 silly audit   'any-promise': [ '1.3.0' ],
278 silly audit   'thenify-all': [ '1.6.0' ],
278 silly audit   thenify: [ '3.3.1' ],
278 silly audit   escalade: [ '3.1.1' ],
278 silly audit   yaml: [ '1.10.2' ]
278 silly audit }
279 verbose reify failed optional dependency C:\Users\Pham Tuan Phu\Desktop\course-center\node_modules\fsevents
280 silly reify mark deleted [
280 silly reify   'C:\\Users\\Pham Tuan Phu\\Desktop\\course-center\\node_modules\\fsevents'
280 silly reify ]
281 verbose reify failed optional dependency C:\Users\Pham Tuan Phu\Desktop\course-center\node_modules\@next\swc-win32-ia32-msvc
282 silly reify mark deleted [
282 silly reify   'C:\\Users\\Pham Tuan Phu\\Desktop\\course-center\\node_modules\\@next\\swc-win32-ia32-msvc'
282 silly reify ]
283 verbose reify failed optional dependency C:\Users\Pham Tuan Phu\Desktop\course-center\node_modules\@next\swc-win32-arm64-msvc
284 silly reify mark deleted [
284 silly reify   'C:\\Users\\Pham Tuan Phu\\Desktop\\course-center\\node_modules\\@next\\swc-win32-arm64-msvc'
284 silly reify ]
285 verbose reify failed optional dependency C:\Users\Pham Tuan Phu\Desktop\course-center\node_modules\@next\swc-linux-x64-musl
286 silly reify mark deleted [
286 silly reify   'C:\\Users\\Pham Tuan Phu\\Desktop\\course-center\\node_modules\\@next\\swc-linux-x64-musl'
286 silly reify ]
287 verbose reify failed optional dependency C:\Users\Pham Tuan Phu\Desktop\course-center\node_modules\@next\swc-linux-x64-gnu
288 silly reify mark deleted [
288 silly reify   'C:\\Users\\Pham Tuan Phu\\Desktop\\course-center\\node_modules\\@next\\swc-linux-x64-gnu'
288 silly reify ]
289 verbose reify failed optional dependency C:\Users\Pham Tuan Phu\Desktop\course-center\node_modules\@next\swc-linux-arm64-musl
290 silly reify mark deleted [
290 silly reify   'C:\\Users\\Pham Tuan Phu\\Desktop\\course-center\\node_modules\\@next\\swc-linux-arm64-musl'
290 silly reify ]
291 verbose reify failed optional dependency C:\Users\Pham Tuan Phu\Desktop\course-center\node_modules\@next\swc-linux-arm64-gnu
292 silly reify mark deleted [
292 silly reify   'C:\\Users\\Pham Tuan Phu\\Desktop\\course-center\\node_modules\\@next\\swc-linux-arm64-gnu'
292 silly reify ]
293 verbose reify failed optional dependency C:\Users\Pham Tuan Phu\Desktop\course-center\node_modules\@next\swc-darwin-x64
294 silly reify mark deleted [
294 silly reify   'C:\\Users\\Pham Tuan Phu\\Desktop\\course-center\\node_modules\\@next\\swc-darwin-x64'
294 silly reify ]
295 verbose reify failed optional dependency C:\Users\Pham Tuan Phu\Desktop\course-center\node_modules\@next\swc-darwin-arm64
296 silly reify mark deleted [
296 silly reify   'C:\\Users\\Pham Tuan Phu\\Desktop\\course-center\\node_modules\\@next\\swc-darwin-arm64'
296 silly reify ]
297 timing reifyNode:node_modules/fsevents Completed in 17ms
298 timing reifyNode:node_modules/@next/swc-win32-ia32-msvc Completed in 16ms
299 timing reifyNode:node_modules/@next/swc-win32-arm64-msvc Completed in 16ms
300 timing reifyNode:node_modules/@next/swc-linux-x64-musl Completed in 16ms
301 timing reifyNode:node_modules/@next/swc-linux-x64-gnu Completed in 16ms
302 timing reifyNode:node_modules/@next/swc-linux-arm64-musl Completed in 16ms
303 timing reifyNode:node_modules/@next/swc-linux-arm64-gnu Completed in 16ms
304 timing reifyNode:node_modules/@next/swc-darwin-x64 Completed in 16ms
305 timing reifyNode:node_modules/@next/swc-darwin-arm64 Completed in 16ms
306 silly tarball no local data for yaml@https://registry.npmjs.org/yaml/-/yaml-1.10.2.tgz. Extracting by manifest.
307 silly tarball no local data for escalade@https://registry.npmjs.org/escalade/-/escalade-3.1.1.tgz. Extracting by manifest.
308 silly tarball no local data for thenify@https://registry.npmjs.org/thenify/-/thenify-3.3.1.tgz. Extracting by manifest.
309 silly tarball no local data for thenify-all@https://registry.npmjs.org/thenify-all/-/thenify-all-1.6.0.tgz. Extracting by manifest.
310 silly tarball no local data for any-promise@https://registry.npmjs.org/any-promise/-/any-promise-1.3.0.tgz. Extracting by manifest.
311 silly tarball no local data for @jridgewell/resolve-uri@https://registry.npmjs.org/@jridgewell/resolve-uri/-/resolve-uri-3.1.0.tgz. Extracting by manifest.
312 silly tarball no local data for @jridgewell/trace-mapping@https://registry.npmjs.org/@jridgewell/trace-mapping/-/trace-mapping-0.3.18.tgz. Extracting by manifest.
313 silly tarball no local data for @jridgewell/set-array@https://registry.npmjs.org/@jridgewell/set-array/-/set-array-1.1.2.tgz. Extracting by manifest.
314 silly tarball no local data for pirates@https://registry.npmjs.org/pirates/-/pirates-4.0.5.tgz. Extracting by manifest.
315 silly tarball no local data for ts-interface-checker@https://registry.npmjs.org/ts-interface-checker/-/ts-interface-checker-0.1.13.tgz. Extracting by manifest.
316 silly tarball no local data for @jridgewell/sourcemap-codec@https://registry.npmjs.org/@jridgewell/sourcemap-codec/-/sourcemap-codec-1.4.15.tgz. Extracting by manifest.
317 silly tarball no local data for mz@https://registry.npmjs.org/mz/-/mz-2.7.0.tgz. Extracting by manifest.
318 silly tarball no local data for pify@https://registry.npmjs.org/pify/-/pify-2.3.0.tgz. Extracting by manifest.
319 silly tarball no local data for @jridgewell/gen-mapping@https://registry.npmjs.org/@jridgewell/gen-mapping/-/gen-mapping-0.3.3.tgz. Extracting by manifest.
320 silly tarball no local data for commander@https://registry.npmjs.org/commander/-/commander-4.1.1.tgz. Extracting by manifest.
321 silly tarball no local data for util-deprecate@https://registry.npmjs.org/util-deprecate/-/util-deprecate-1.0.2.tgz. Extracting by manifest.
322 silly tarball no local data for cssesc@https://registry.npmjs.org/cssesc/-/cssesc-3.0.0.tgz. Extracting by manifest.
323 silly tarball no local data for lines-and-columns@https://registry.npmjs.org/lines-and-columns/-/lines-and-columns-1.2.4.tgz. Extracting by manifest.
324 silly tarball no local data for read-cache@https://registry.npmjs.org/read-cache/-/read-cache-1.0.0.tgz. Extracting by manifest.
325 silly tarball no local data for binary-extensions@https://registry.npmjs.org/binary-extensions/-/binary-extensions-2.2.0.tgz. Extracting by manifest.
326 silly tarball no local data for readdirp@https://registry.npmjs.org/readdirp/-/readdirp-3.6.0.tgz. Extracting by manifest.
327 silly tarball no local data for anymatch@https://registry.npmjs.org/anymatch/-/anymatch-3.1.3.tgz. Extracting by manifest.
328 silly tarball no local data for sucrase@https://registry.npmjs.org/sucrase/-/sucrase-3.32.0.tgz. Extracting by manifest.
329 silly tarball no local data for is-binary-path@https://registry.npmjs.org/is-binary-path/-/is-binary-path-2.1.0.tgz. Extracting by manifest.
330 silly tarball no local data for camelcase-css@https://registry.npmjs.org/camelcase-css/-/camelcase-css-2.0.1.tgz. Extracting by manifest.
331 silly tarball no local data for quick-lru@https://registry.npmjs.org/quick-lru/-/quick-lru-5.1.1.tgz. Extracting by manifest.
332 silly tarball no local data for postcss-selector-parser@https://registry.npmjs.org/postcss-selector-parser/-/postcss-selector-parser-6.0.11.tgz. Extracting by manifest.
333 silly tarball no local data for postcss-import@https://registry.npmjs.org/postcss-import/-/postcss-import-14.1.0.tgz. Extracting by manifest.
334 silly tarball no local data for postcss-nested@https://registry.npmjs.org/postcss-nested/-/postcss-nested-6.0.0.tgz. Extracting by manifest.
335 silly tarball no local data for postcss-js@https://registry.npmjs.org/postcss-js/-/postcss-js-4.0.1.tgz. Extracting by manifest.
336 silly tarball no local data for normalize-path@https://registry.npmjs.org/normalize-path/-/normalize-path-3.0.0.tgz. Extracting by manifest.
337 silly tarball no local data for object-hash@https://registry.npmjs.org/object-hash/-/object-hash-3.0.0.tgz. Extracting by manifest.
338 silly tarball no local data for dlv@https://registry.npmjs.org/dlv/-/dlv-1.1.3.tgz. Extracting by manifest.
339 silly tarball no local data for lilconfig@https://registry.npmjs.org/lilconfig/-/lilconfig-2.1.0.tgz. Extracting by manifest.
340 silly tarball no local data for jiti@https://registry.npmjs.org/jiti/-/jiti-1.18.2.tgz. Extracting by manifest.
341 silly tarball no local data for didyoumean@https://registry.npmjs.org/didyoumean/-/didyoumean-1.2.2.tgz. Extracting by manifest.
342 silly tarball no local data for chokidar@https://registry.npmjs.org/chokidar/-/chokidar-3.5.3.tgz. Extracting by manifest.
343 silly tarball no local data for node-releases@https://registry.npmjs.org/node-releases/-/node-releases-2.0.10.tgz. Extracting by manifest.
344 silly tarball no local data for update-browserslist-db@https://registry.npmjs.org/update-browserslist-db/-/update-browserslist-db-1.0.11.tgz. Extracting by manifest.
345 silly tarball no local data for arg@https://registry.npmjs.org/arg/-/arg-5.0.2.tgz. Extracting by manifest.
346 silly tarball no local data for electron-to-chromium@https://registry.npmjs.org/electron-to-chromium/-/electron-to-chromium-1.4.369.tgz. Extracting by manifest.
347 silly tarball no local data for postcss-value-parser@https://registry.npmjs.org/postcss-value-parser/-/postcss-value-parser-4.2.0.tgz. Extracting by manifest.
348 silly tarball no local data for browserslist@https://registry.npmjs.org/browserslist/-/browserslist-4.21.5.tgz. Extracting by manifest.
349 silly tarball no local data for fraction.js@https://registry.npmjs.org/fraction.js/-/fraction.js-4.2.0.tgz. Extracting by manifest.
350 silly tarball no local data for tailwindcss@https://registry.npmjs.org/tailwindcss/-/tailwindcss-3.3.1.tgz. Extracting by manifest.
351 silly tarball no local data for normalize-range@https://registry.npmjs.org/normalize-range/-/normalize-range-0.1.2.tgz. Extracting by manifest.
352 silly tarball no local data for autoprefixer@https://registry.npmjs.org/autoprefixer/-/autoprefixer-10.4.14.tgz. Extracting by manifest.
353 silly tarball no local data for glob-parent@https://registry.npmjs.org/glob-parent/-/glob-parent-5.1.2.tgz. Extracting by manifest.
354 silly tarball no local data for @jridgewell/sourcemap-codec@https://registry.npmjs.org/@jridgewell/sourcemap-codec/-/sourcemap-codec-1.4.14.tgz. Extracting by manifest.
355 silly tarball no local data for postcss@https://registry.npmjs.org/postcss/-/postcss-8.4.23.tgz. Extracting by manifest.
356 silly tarball no local data for glob@https://registry.npmjs.org/glob/-/glob-7.1.6.tgz. Extracting by manifest.
357 silly tarball no local data for postcss@https://registry.npmjs.org/postcss/-/postcss-8.4.14.tgz. Extracting by manifest.
358 silly tarball no local data for postcss-load-config@https://registry.npmjs.org/postcss-load-config/-/postcss-load-config-3.1.4.tgz. Extracting by manifest.
359 http fetch GET 200 https://registry.npmjs.org/thenify-all/-/thenify-all-1.6.0.tgz 296ms (cache miss)
360 http fetch GET 200 https://registry.npmjs.org/@jridgewell/set-array/-/set-array-1.1.2.tgz 413ms (cache miss)
361 http fetch POST 200 https://registry.npmjs.org/-/npm/v1/security/advisories/bulk 480ms
362 timing auditReport:getReport Completed in 485ms
363 silly audit report {}
364 timing auditReport:init Completed in 0ms
365 timing reify:audit Completed in 488ms
366 http fetch GET 200 https://registry.npmjs.org/pirates/-/pirates-4.0.5.tgz 467ms (cache miss)
367 http fetch GET 200 https://registry.npmjs.org/thenify/-/thenify-3.3.1.tgz 476ms (cache miss)
368 http fetch GET 200 https://registry.npmjs.org/pify/-/pify-2.3.0.tgz 541ms (cache miss)
369 http fetch GET 200 https://registry.npmjs.org/util-deprecate/-/util-deprecate-1.0.2.tgz 580ms (cache miss)
370 timing reifyNode:node_modules/pify Completed in 639ms
371 http fetch GET 200 https://registry.npmjs.org/binary-extensions/-/binary-extensions-2.2.0.tgz 593ms (cache miss)
372 http fetch GET 200 https://registry.npmjs.org/read-cache/-/read-cache-1.0.0.tgz 596ms (cache miss)
373 timing reifyNode:node_modules/thenify-all Completed in 661ms
374 timing reifyNode:node_modules/thenify Completed in 666ms
375 timing reifyNode:node_modules/pirates Completed in 691ms
376 http fetch GET 200 https://registry.npmjs.org/anymatch/-/anymatch-3.1.3.tgz 633ms (cache miss)
377 http fetch GET 200 https://registry.npmjs.org/quick-lru/-/quick-lru-5.1.1.tgz 629ms (cache miss)
378 timing reifyNode:node_modules/read-cache Completed in 691ms
379 http fetch GET 200 https://registry.npmjs.org/cssesc/-/cssesc-3.0.0.tgz 643ms (cache miss)
380 http fetch GET 200 https://registry.npmjs.org/postcss-js/-/postcss-js-4.0.1.tgz 635ms (cache miss)
381 http fetch GET 200 https://registry.npmjs.org/didyoumean/-/didyoumean-1.2.2.tgz 633ms (cache miss)
382 http fetch GET 200 https://registry.npmjs.org/is-binary-path/-/is-binary-path-2.1.0.tgz 651ms (cache miss)
383 http fetch GET 200 https://registry.npmjs.org/lines-and-columns/-/lines-and-columns-1.2.4.tgz 656ms (cache miss)
384 http fetch GET 200 https://registry.npmjs.org/normalize-path/-/normalize-path-3.0.0.tgz 646ms (cache miss)
385 http fetch GET 200 https://registry.npmjs.org/normalize-range/-/normalize-range-0.1.2.tgz 641ms (cache miss)
386 http fetch GET 200 https://registry.npmjs.org/camelcase-css/-/camelcase-css-2.0.1.tgz 667ms (cache miss)
387 timing reifyNode:node_modules/lines-and-columns Completed in 730ms
388 http fetch GET 200 https://registry.npmjs.org/node-releases/-/node-releases-2.0.10.tgz 663ms (cache miss)
389 http fetch GET 200 https://registry.npmjs.org/postcss-nested/-/postcss-nested-6.0.0.tgz 682ms (cache miss)
390 timing reifyNode:node_modules/anymatch Completed in 747ms
391 timing reifyNode:node_modules/normalize-path Completed in 750ms
392 http fetch GET 200 https://registry.npmjs.org/browserslist/-/browserslist-4.21.5.tgz 677ms (cache miss)
393 timing reifyNode:node_modules/util-deprecate Completed in 755ms
394 http fetch GET 200 https://registry.npmjs.org/glob-parent/-/glob-parent-5.1.2.tgz 680ms (cache miss)
395 timing reifyNode:node_modules/camelcase-css Completed in 763ms
396 timing reifyNode:node_modules/is-binary-path Completed in 763ms
397 timing reifyNode:node_modules/quick-lru Completed in 764ms
398 http fetch GET 200 https://registry.npmjs.org/postcss-load-config/-/postcss-load-config-3.1.4.tgz 678ms (cache miss)
399 timing reifyNode:node_modules/postcss-nested Completed in 768ms
400 http fetch GET 200 https://registry.npmjs.org/arg/-/arg-5.0.2.tgz 697ms (cache miss)
401 http fetch GET 200 https://registry.npmjs.org/lilconfig/-/lilconfig-2.1.0.tgz 702ms (cache miss)
402 timing reifyNode:node_modules/normalize-range Completed in 771ms
403 http fetch GET 200 https://registry.npmjs.org/commander/-/commander-4.1.1.tgz 720ms (cache miss)
404 http fetch GET 200 https://registry.npmjs.org/readdirp/-/readdirp-3.6.0.tgz 719ms (cache miss)
405 timing reifyNode:node_modules/readdirp Completed in 776ms
406 timing reifyNode:node_modules/didyoumean Completed in 776ms
407 timing reifyNode:node_modules/commander Completed in 780ms
408 timing reifyNode:node_modules/arg Completed in 779ms
409 timing reifyNode:node_modules/lilconfig Completed in 779ms
410 timing reifyNode:node_modules/binary-extensions Completed in 782ms
411 http fetch GET 200 https://registry.npmjs.org/object-hash/-/object-hash-3.0.0.tgz 719ms (cache miss)
412 http fetch GET 200 https://registry.npmjs.org/escalade/-/escalade-3.1.1.tgz 748ms (cache miss)
413 timing reifyNode:node_modules/chokidar/node_modules/glob-parent Completed in 787ms
414 timing reifyNode:node_modules/cssesc Completed in 789ms
415 timing reifyNode:node_modules/object-hash Completed in 803ms
416 timing reifyNode:node_modules/escalade Completed in 816ms
417 http fetch GET 200 https://registry.npmjs.org/@jridgewell/resolve-uri/-/resolve-uri-3.1.0.tgz 773ms (cache miss)
418 timing reifyNode:node_modules/node-releases Completed in 817ms
419 timing reifyNode:node_modules/@jridgewell/set-array Completed in 821ms
420 timing reifyNode:node_modules/@jridgewell/resolve-uri Completed in 831ms
421 http fetch GET 200 https://registry.npmjs.org/mz/-/mz-2.7.0.tgz 785ms (cache miss)
422 http fetch GET 200 https://registry.npmjs.org/update-browserslist-db/-/update-browserslist-db-1.0.11.tgz 765ms (cache miss)
423 http fetch GET 200 https://registry.npmjs.org/glob/-/glob-7.1.6.tgz 754ms (cache miss)
424 timing reifyNode:node_modules/mz Completed in 847ms
425 timing reifyNode:node_modules/update-browserslist-db Completed in 846ms
426 timing reifyNode:node_modules/sucrase/node_modules/glob Completed in 847ms
427 http fetch GET 200 https://registry.npmjs.org/dlv/-/dlv-1.1.3.tgz 782ms (cache miss)
428 http fetch GET 200 https://registry.npmjs.org/ts-interface-checker/-/ts-interface-checker-0.1.13.tgz 808ms (cache miss)
429 timing reifyNode:node_modules/ts-interface-checker Completed in 859ms
430 timing reifyNode:node_modules/dlv Completed in 864ms
431 http fetch GET 200 https://registry.npmjs.org/chokidar/-/chokidar-3.5.3.tgz 795ms (cache miss)
432 http fetch GET 200 https://registry.npmjs.org/fraction.js/-/fraction.js-4.2.0.tgz 788ms (cache miss)
433 timing reifyNode:node_modules/fraction.js Completed in 865ms
434 timing reifyNode:node_modules/postcss-js Completed in 867ms
435 timing reifyNode:node_modules/tailwindcss/node_modules/postcss-load-config Completed in 867ms
436 http fetch GET 200 https://registry.npmjs.org/postcss-value-parser/-/postcss-value-parser-4.2.0.tgz 792ms (cache miss)
437 http fetch GET 200 https://registry.npmjs.org/postcss-import/-/postcss-import-14.1.0.tgz 805ms (cache miss)
438 timing reifyNode:node_modules/chokidar Completed in 869ms
439 timing reifyNode:node_modules/postcss-value-parser Completed in 870ms
440 timing reifyNode:node_modules/postcss-import Completed in 872ms
441 timing reifyNode:node_modules/browserslist Completed in 891ms
442 http fetch GET 200 https://registry.npmjs.org/electron-to-chromium/-/electron-to-chromium-1.4.369.tgz 853ms (cache miss)
443 timing reifyNode:node_modules/electron-to-chromium Completed in 935ms
444 http fetch GET 200 https://registry.npmjs.org/any-promise/-/any-promise-1.3.0.tgz 998ms (cache miss)
445 timing reifyNode:node_modules/any-promise Completed in 1050ms
446 http fetch GET 200 https://registry.npmjs.org/@jridgewell/gen-mapping/-/gen-mapping-0.3.3.tgz 1035ms (cache miss)
447 http fetch GET 200 https://registry.npmjs.org/@jridgewell/sourcemap-codec/-/sourcemap-codec-1.4.15.tgz 1077ms (cache miss)
448 timing reifyNode:node_modules/@jridgewell/sourcemap-codec Completed in 1131ms
449 http fetch GET 200 https://registry.npmjs.org/postcss-selector-parser/-/postcss-selector-parser-6.0.11.tgz 1071ms (cache miss)
450 timing reifyNode:node_modules/postcss-selector-parser Completed in 1135ms
451 http fetch GET 200 https://registry.npmjs.org/jiti/-/jiti-1.18.2.tgz 1072ms (cache miss)
452 timing reifyNode:node_modules/jiti Completed in 1143ms
453 timing reifyNode:node_modules/@jridgewell/gen-mapping Completed in 1149ms
454 http fetch GET 200 https://registry.npmjs.org/postcss/-/postcss-8.4.14.tgz 1162ms (cache miss)
455 timing reifyNode:node_modules/next/node_modules/postcss Completed in 1254ms
456 http fetch GET 200 https://registry.npmjs.org/postcss/-/postcss-8.4.23.tgz 1171ms (cache miss)
457 timing reifyNode:node_modules/postcss Completed in 1260ms
458 http fetch GET 200 https://registry.npmjs.org/yaml/-/yaml-1.10.2.tgz 1238ms (cache miss)
459 timing reifyNode:node_modules/yaml Completed in 1280ms
460 http fetch GET 200 https://registry.npmjs.org/@jridgewell/trace-mapping/-/trace-mapping-0.3.18.tgz 1275ms (cache miss)
461 timing reifyNode:node_modules/@jridgewell/trace-mapping Completed in 1323ms
462 http fetch GET 200 https://registry.npmjs.org/autoprefixer/-/autoprefixer-10.4.14.tgz 1270ms (cache miss)
463 timing reifyNode:node_modules/autoprefixer Completed in 1350ms
464 http fetch GET 200 https://registry.npmjs.org/@jridgewell/sourcemap-codec/-/sourcemap-codec-1.4.14.tgz 1309ms (cache miss)
465 timing reifyNode:node_modules/@jridgewell/trace-mapping/node_modules/@jridgewell/sourcemap-codec Completed in 1392ms
466 http fetch GET 200 https://registry.npmjs.org/sucrase/-/sucrase-3.32.0.tgz 1620ms (cache miss)
467 timing reifyNode:node_modules/sucrase Completed in 1681ms
468 http fetch GET 200 https://registry.npmjs.org/tailwindcss/-/tailwindcss-3.3.1.tgz 1749ms (cache miss)
469 timing reifyNode:node_modules/tailwindcss Completed in 1826ms
470 timing reify:unpack Completed in 1830ms
471 timing reify:unretire Completed in 0ms
472 timing build:queue Completed in 4ms
473 timing build:link:node_modules/autoprefixer Completed in 27ms
474 timing build:link:node_modules/browserslist Completed in 26ms
475 timing build:link:node_modules/cssesc Completed in 27ms
476 timing build:link:node_modules/jiti Completed in 26ms
477 timing build:link:node_modules/update-browserslist-db Completed in 25ms
478 timing build:link:node_modules/sucrase Completed in 26ms
479 timing build:link:node_modules/tailwindcss Completed in 26ms
480 timing build:link Completed in 28ms
481 timing build:deps Completed in 34ms
482 timing build Completed in 34ms
483 timing reify:build Completed in 35ms
484 timing reify:trash Completed in 10ms
485 timing reify:save Completed in 127ms
486 timing reify Completed in 17061ms
487 silly ADD node_modules/yaml
488 silly ADD node_modules/escalade
489 silly ADD node_modules/thenify
490 silly ADD node_modules/thenify-all
491 silly ADD node_modules/any-promise
492 silly ADD node_modules/@jridgewell/resolve-uri
493 silly ADD node_modules/@jridgewell/trace-mapping
494 silly ADD node_modules/@jridgewell/trace-mapping/node_modules/@jridgewell/sourcemap-codec
495 silly ADD node_modules/@jridgewell/sourcemap-codec
496 silly ADD node_modules/@jridgewell/set-array
497 silly ADD node_modules/ts-interface-checker
498 silly ADD node_modules/pirates
499 silly ADD node_modules/mz
500 silly ADD node_modules/lines-and-columns
501 silly ADD node_modules/commander
502 silly ADD node_modules/@jridgewell/gen-mapping
503 silly ADD node_modules/pify
504 silly ADD node_modules/util-deprecate
505 silly ADD node_modules/cssesc
506 silly ADD node_modules/camelcase-css
507 silly ADD node_modules/read-cache
508 silly ADD node_modules/binary-extensions
509 silly ADD node_modules/readdirp
510 silly ADD node_modules/is-binary-path
511 silly ADD
512 silly ADD node_modules/anymatch
513 silly ADD node_modules/sucrase
514 silly ADD node_modules/sucrase/node_modules/glob
515 silly ADD node_modules/quick-lru
516 silly ADD node_modules/postcss-selector-parser
517 silly ADD node_modules/postcss-nested
518 silly ADD node_modules/postcss-js
519 silly ADD node_modules/postcss-import
520 silly ADD node_modules/object-hash
521 silly ADD node_modules/normalize-path
522 silly ADD node_modules/lilconfig
523 silly ADD node_modules/jiti
524 silly ADD node_modules/dlv
525 silly ADD node_modules/didyoumean
526 silly ADD node_modules/chokidar
527 silly ADD node_modules/chokidar/node_modules/glob-parent
528 silly ADD node_modules/arg
529 silly ADD node_modules/update-browserslist-db
530 silly ADD node_modules/node-releases
531 silly ADD node_modules/electron-to-chromium
532 silly ADD node_modules/postcss-value-parser
533 silly ADD node_modules/normalize-range
534 silly ADD node_modules/fraction.js
535 silly ADD node_modules/browserslist
536 silly ADD node_modules/tailwindcss
537 silly ADD node_modules/tailwindcss/node_modules/postcss-load-config
538 silly ADD node_modules/autoprefixer
539 silly ADD
540 silly ADD
541 silly ADD
542 silly ADD
543 silly ADD
544 silly ADD
545 silly ADD
546 silly ADD
547 silly CHANGE node_modules/postcss
548 silly ADD node_modules/next/node_modules/postcss
549 timing command:install Completed in 17078ms
550 notice
550 notice New [32mpatch[39m version of npm available! [31m9.6.4[39m -> [32m9.6.5[39m
550 notice Changelog: [36mhttps://github.com/npm/cli/releases/tag/v9.6.5[39m
550 notice Run [32mnpm install -g npm@9.6.5[39m to update!
550 notice
551 verbose exit 0
552 timing npm Completed in 17153ms
553 info ok
